<?xml version="1.0" encoding="UTF-8"?>
<testng-results skipped="0" failed="0" ignored="0" total="1" passed="1">
  <reporter-output>
  </reporter-output>
  <suite name="Default suite" duration-ms="24822" started-at="2020-05-14T11:02:46 IST" finished-at="2020-05-14T11:03:10 IST">
    <groups>
    </groups>
    <test name="Default test" duration-ms="24822" started-at="2020-05-14T11:02:46 IST" finished-at="2020-05-14T11:03:10 IST">
      <class name="com.main.VideoRecorder_Test">
        <test-method status="PASS" signature="setup()[pri:0, instance:com.main.VideoRecorder_Test@1f554b06]" name="setup" is-config="true" duration-ms="9695" started-at="2020-05-14T11:02:46 IST" finished-at="2020-05-14T11:02:55 IST">
          <reporter-output>
          </reporter-output>
        </test-method> <!-- setup -->
        <test-method status="PASS" signature="verifyLinks()[pri:0, instance:com.main.VideoRecorder_Test@1f554b06]" name="verifyLinks" duration-ms="10494" started-at="2020-05-14T11:02:55 IST" finished-at="2020-05-14T11:03:06 IST">
          <reporter-output>
          </reporter-output>
        </test-method> <!-- verifyLinks -->
        <test-method status="PASS" signature="tearDown()[pri:0, instance:com.main.VideoRecorder_Test@1f554b06]" name="tearDown" is-config="true" duration-ms="4555" started-at="2020-05-14T11:03:06 IST" finished-at="2020-05-14T11:03:10 IST">
          <reporter-output>
          </reporter-output>
        </test-method> <!-- tearDown -->
      </class> <!-- com.main.VideoRecorder_Test -->
    </test> <!-- Default test -->
  </suite> <!-- Default suite -->
</testng-results>
